[2026-01-17 16:41:32] === Piston Full Exchange: Python ===

--- Generated Code ---

import json
import sys

# User's code
def two_sum(...):
    # Write your solution here
    pass


# Test runner
test_cases = [{"expected":"[0,1]","nums":"[2,7,11,15]","target":"9"},{"expected":"[1,2]","nums":"[3,2,4]","target":"6"},{"expected":"[0,1]","nums":"[3,3]","target":"6"},{"expected":"[2,4]","nums":"[-1,-2,-3,-4,-5]","target":"-8"}]

results = []
for i, tc in enumerate(test_cases):
    try:
        # Piston might receive string inputs differently, handle eval carefully
        nums = eval(tc["nums"]) if isinstance(tc["nums"], str) else tc["nums"]
        target = int(tc["target"])
        expected = eval(tc["expected"]) if isinstance(tc["expected"], str) else tc["expected"]
        
        actual = None
        # Try finding solution function
        if 'two_sum' in dir():
            actual = two_sum(nums, target)
        elif 'twoSum' in dir():
             actual = twoSum(nums, target)
        else:
            # Fallback search
             for name in dir():
                if name.startswith('_'): continue
                obj = eval(name)
                if callable(obj):
                     try:
                        actual = obj(nums, target)
                        break
                     except:
                        continue
        
        if actual is None:
            results.append({"passed": False, "actual": "Error: No function found"})
            continue
            
        passed = sorted(actual) == sorted(expected)
        results.append({"passed": passed, "actual": str(actual)})
    except Exception as e:
        results.append({"passed": False, "actual": f"Error: {e}"})

print(json.dumps(results))


--- Response ---
[Request sent, awaiting response...]

=== End Exchange ===

[2026-01-17 16:41:34] === Piston Full Exchange: Python ===

--- Generated Code ---
[See previous request]

--- Response ---
{
  "exit_code": 1,
  "stderr": "  File \"/piston/jobs/2600186f-f585-4765-a9ce-698b4b63d4e6/solution.py\", line 6\n    def two_sum(...):\n                ^^^\nSyntaxError: invalid syntax\n",
  "stdout": ""
}

=== End Exchange ===

[2026-01-17 16:41:59] === Piston Full Exchange: Python ===

--- Generated Code ---

import json
import sys

# User's code
def two_sum(...):
    # Write your solution here
    pass


# Test runner
test_cases = [{"expected":"[0,1]","nums":"[2,7,11,15]","target":"9"},{"expected":"[1,2]","nums":"[3,2,4]","target":"6"},{"expected":"[0,1]","nums":"[3,3]","target":"6"},{"expected":"[2,4]","nums":"[-1,-2,-3,-4,-5]","target":"-8"}]

results = []
for i, tc in enumerate(test_cases):
    try:
        # Piston might receive string inputs differently, handle eval carefully
        nums = eval(tc["nums"]) if isinstance(tc["nums"], str) else tc["nums"]
        target = int(tc["target"])
        expected = eval(tc["expected"]) if isinstance(tc["expected"], str) else tc["expected"]
        
        actual = None
        # Try finding solution function
        if 'two_sum' in dir():
            actual = two_sum(nums, target)
        elif 'twoSum' in dir():
             actual = twoSum(nums, target)
        else:
            # Fallback search
             for name in dir():
                if name.startswith('_'): continue
                obj = eval(name)
                if callable(obj):
                     try:
                        actual = obj(nums, target)
                        break
                     except:
                        continue
        
        if actual is None:
            results.append({"passed": False, "actual": "Error: No function found"})
            continue
            
        passed = sorted(actual) == sorted(expected)
        results.append({"passed": passed, "actual": str(actual)})
    except Exception as e:
        results.append({"passed": False, "actual": f"Error: {e}"})

print(json.dumps(results))


--- Response ---
[Request sent, awaiting response...]

=== End Exchange ===

[2026-01-17 16:42:00] === Piston Full Exchange: Python ===

--- Generated Code ---
[See previous request]

--- Response ---
{
  "exit_code": 1,
  "stderr": "  File \"/piston/jobs/37f22d53-cb52-4ac9-97a7-e918f2bb6186/solution.py\", line 6\n    def two_sum(...):\n                ^^^\nSyntaxError: invalid syntax\n",
  "stdout": ""
}

=== End Exchange ===

[2026-01-17 16:42:01] === Piston Full Exchange: Python ===

--- Generated Code ---

import json
import sys

# User's code
def two_sum(...):
    # Write your solution here
    pass


# Test runner
test_cases = [{"expected":"[0,1]","nums":"[2,7,11,15]","target":"9"},{"expected":"[1,2]","nums":"[3,2,4]","target":"6"},{"expected":"[0,1]","nums":"[3,3]","target":"6"},{"expected":"[2,4]","nums":"[-1,-2,-3,-4,-5]","target":"-8"}]

results = []
for i, tc in enumerate(test_cases):
    try:
        # Piston might receive string inputs differently, handle eval carefully
        nums = eval(tc["nums"]) if isinstance(tc["nums"], str) else tc["nums"]
        target = int(tc["target"])
        expected = eval(tc["expected"]) if isinstance(tc["expected"], str) else tc["expected"]
        
        actual = None
        # Try finding solution function
        if 'two_sum' in dir():
            actual = two_sum(nums, target)
        elif 'twoSum' in dir():
             actual = twoSum(nums, target)
        else:
            # Fallback search
             for name in dir():
                if name.startswith('_'): continue
                obj = eval(name)
                if callable(obj):
                     try:
                        actual = obj(nums, target)
                        break
                     except:
                        continue
        
        if actual is None:
            results.append({"passed": False, "actual": "Error: No function found"})
            continue
            
        passed = sorted(actual) == sorted(expected)
        results.append({"passed": passed, "actual": str(actual)})
    except Exception as e:
        results.append({"passed": False, "actual": f"Error: {e}"})

print(json.dumps(results))


--- Response ---
[Request sent, awaiting response...]

=== End Exchange ===

[2026-01-17 16:42:02] === Piston Full Exchange: Python ===

--- Generated Code ---
[See previous request]

--- Response ---
{
  "exit_code": 1,
  "stderr": "  File \"/piston/jobs/26a45564-b5fb-4ec7-a453-93e1d8640475/solution.py\", line 6\n    def two_sum(...):\n                ^^^\nSyntaxError: invalid syntax\n",
  "stdout": ""
}

=== End Exchange ===

[2026-01-17 16:46:19] === Piston Full Exchange: Python ===

--- Generated Code ---

import json
import sys

# User's code
def is_palindrome(s):
    # Write your solution here
    pass


# Test runner
test_cases = [{"expected":"true","s":"\"A man, a plan, a canal: Panama\""},{"expected":"false","s":"\"race a car\""},{"expected":"true","s":"\" \""}]

results = []
for i, tc in enumerate(test_cases):
    try:
        # Piston might receive string inputs differently, handle eval carefully
        nums = eval(tc["nums"]) if isinstance(tc["nums"], str) else tc["nums"]
        target = int(tc["target"])
        expected = eval(tc["expected"]) if isinstance(tc["expected"], str) else tc["expected"]
        
        actual = None
        # Try finding solution function
        if 'two_sum' in dir():
            actual = two_sum(nums, target)
        elif 'twoSum' in dir():
             actual = twoSum(nums, target)
        else:
            # Fallback search
             for name in dir():
                if name.startswith('_'): continue
                obj = eval(name)
                if callable(obj):
                     try:
                        actual = obj(nums, target)
                        break
                     except:
                        continue
        
        if actual is None:
            results.append({"passed": False, "actual": "Error: No function found"})
            continue
            
        passed = sorted(actual) == sorted(expected)
        results.append({"passed": passed, "actual": str(actual)})
    except Exception as e:
        results.append({"passed": False, "actual": f"Error: {e}"})

print(json.dumps(results))


--- Response ---
[Request sent, awaiting response...]

=== End Exchange ===

[2026-01-17 16:46:21] === Piston Full Exchange: Python ===

--- Generated Code ---
[See previous request]

--- Response ---
{
  "exit_code": 0,
  "stderr": "",
  "stdout": "[{\"passed\": false, \"actual\": \"Error: 'nums'\"}, {\"passed\": false, \"actual\": \"Error: 'nums'\"}, {\"passed\": false, \"actual\": \"Error: 'nums'\"}]\n"
}

=== End Exchange ===

[2026-01-17 16:47:24] === Piston Full Exchange: Go ===

--- Generated Code ---

package main

import (
	"encoding/json"
	"fmt"
	"sort"
	"strconv"
	"strings"
)

// Go conversion
func twoSum(nums []int, target int) []int {
    m := make(map[int]int)
    for i, num := range nums {
        complement := target - num
        if j, ok := m[complement]; ok {
            return []int{j, i}
        }
        m[num] = i
    }
    return []int{}
}


type TestCase struct {
	Nums     string
	Target   string
	Expected string
}

type TestResult struct {
	Passed bool   `json:"passed"`
	Actual string `json:"actual"`
}

func parseIntArray(s string) []int {
	s = strings.TrimSpace(s)
	s = strings.Trim(s, "[]")
	if s == "" {
		return []int{}
	}
	parts := strings.Split(s, ",")
	result := make([]int, len(parts))
	for i, p := range parts {
		val, _ := strconv.Atoi(strings.TrimSpace(p))
		result[i] = val
	}
	return result
}

func main() {
	testCases := []TestCase{
	TestCase{Nums: "[]", Target: "0", Expected: "true"},
	TestCase{Nums: "[]", Target: "0", Expected: "false"},
	TestCase{Nums: "[]", Target: "0", Expected: "true"},
	}
	
	results := []TestResult{}
	
	for _, tc := range testCases {
		nums := parseIntArray(tc.Nums)
		expected := parseIntArray(tc.Expected)
		target, _ := strconv.Atoi(tc.Target)
		
		actual := twoSum(nums, target)
		
		// Sort for comparison
		sortedActual := make([]int, len(actual))
		copy(sortedActual, actual)
		sort.Ints(sortedActual)
		
		sortedExpected := make([]int, len(expected))
		copy(sortedExpected, expected)
		sort.Ints(sortedExpected)
		
		passed := len(sortedActual) == len(sortedExpected)
		if passed {
			for i := range sortedActual {
				if sortedActual[i] != sortedExpected[i] {
					passed = false
					break
				}
			}
		}
		
		actualJSON, _ := json.Marshal(actual)
		results = append(results, TestResult{Passed: passed, Actual: string(actualJSON)})
	}
	
	output, _ := json.Marshal(results)
	fmt.Println(string(output))
}


--- Response ---
[Request sent, awaiting response...]

=== End Exchange ===

[2026-01-17 16:47:26] === Piston Full Exchange: Go ===

--- Generated Code ---
[See previous request]

--- Response ---
{
  "exit_code": 0,
  "stderr": "",
  "stdout": "[{\"passed\":false,\"actual\":\"[]\"},{\"passed\":false,\"actual\":\"[]\"},{\"passed\":false,\"actual\":\"[]\"}]\n"
}

=== End Exchange ===

[2026-01-17 16:49:17] === Piston Full Exchange: Python ===

--- Generated Code ---

import json
import sys

# User's code
def two_sum(nums, target):
    # Write your solution here
    pass


# Test runner
test_cases = [{"expected":"[0,1]","nums":"[2,7,11,15]","target":"9"},{"expected":"[1,2]","nums":"[3,2,4]","target":"6"},{"expected":"[0,1]","nums":"[3,3]","target":"6"},{"expected":"[2,4]","nums":"[-1,-2,-3,-4,-5]","target":"-8"}]

results = []
for i, tc in enumerate(test_cases):
    try:
        # Piston might receive string inputs differently, handle eval carefully
        nums = eval(tc["nums"]) if isinstance(tc["nums"], str) else tc["nums"]
        target = int(tc["target"])
        expected = eval(tc["expected"]) if isinstance(tc["expected"], str) else tc["expected"]
        
        actual = None
        # Try finding solution function
        if 'two_sum' in dir():
            actual = two_sum(nums, target)
        elif 'twoSum' in dir():
             actual = twoSum(nums, target)
        else:
            # Fallback search
             for name in dir():
                if name.startswith('_'): continue
                obj = eval(name)
                if callable(obj):
                     try:
                        actual = obj(nums, target)
                        break
                     except:
                        continue
        
        if actual is None:
            results.append({"passed": False, "actual": "Error: No function found"})
            continue
            
        passed = sorted(actual) == sorted(expected)
        results.append({"passed": passed, "actual": str(actual)})
    except Exception as e:
        results.append({"passed": False, "actual": f"Error: {e}"})

print(json.dumps(results))


--- Response ---
[Request sent, awaiting response...]

=== End Exchange ===

[2026-01-17 16:49:18] === Piston Full Exchange: Python ===

--- Generated Code ---
[See previous request]

--- Response ---
{
  "exit_code": 0,
  "stderr": "",
  "stdout": "[{\"passed\": false, \"actual\": \"Error: No function found\"}, {\"passed\": false, \"actual\": \"Error: No function found\"}, {\"passed\": false, \"actual\": \"Error: No function found\"}, {\"passed\": false, \"actual\": \"Error: No function found\"}]\n"
}

=== End Exchange ===

